<?xml version="1.0" encoding="UTF-8"?>
<!-- Generated by org.testng.reporters.JUnitReportReporter -->
<testsuite skipped="0" hostname="5CG0262CXH" name="com.amazon.tests.LoginTest" tests="1" failures="0" timestamp="2021-07-22T13:10:13 IST" time="6.661" errors="0">
  <testcase name="login" time="6.661" classname="com.amazon.tests.LoginTest"/>
  <system-out/>
</testsuite> <!-- com.amazon.tests.LoginTest -->
