<?xml version="1.0" encoding="UTF-8"?>
<!-- Generated by org.testng.reporters.JUnitReportReporter -->
<testsuite skipped="0" hostname="5CG0262CXH" name="com.amazon.tests.OrdersTest" tests="1" failures="0" timestamp="2021-07-22T13:10:13 IST" time="2.747" errors="0">
  <testcase name="orders" time="2.747" classname="com.amazon.tests.OrdersTest"/>
  <system-out/>
</testsuite> <!-- com.amazon.tests.OrdersTest -->
