<?xml version="1.0" encoding="UTF-8"?>
<!-- Generated by org.testng.reporters.JUnitReportReporter -->
<testsuite skipped="0" hostname="5CG0262CXH" name="com.amazon.tests.AddressTest" tests="2" failures="0" timestamp="2021-07-22T13:10:13 IST" time="5.287" errors="0">
  <testcase name="addAddress" time="5.064" classname="com.amazon.tests.AddressTest"/>
  <system-out/>
  <testcase name="addressVerify" time="0.223" classname="com.amazon.tests.AddressTest"/>
  <system-out/>
</testsuite> <!-- com.amazon.tests.AddressTest -->
